  MPInterfacer.cpp
C:\Users\NIK\Source\Repos\ezMP\EZMP\MPInterfacer.h(30,31): warning C4244: 'argument': conversion from 'uint64_t' to 'double', possible loss of data
C:\Users\NIK\Source\Repos\ezMP\EZMP\MPInterfacer.h(30,28): warning C4244: 'argument': conversion from 'uint64_t' to 'double', possible loss of data
C:\Users\NIK\Source\Repos\ezMP\EZMP\MPInterfacer.cpp(198,27): warning C4244: 'argument': conversion from 'uint64_t' to 'const _Kty', possible loss of data
          with
          [
              _Kty=long
          ]
C:\Users\NIK\Source\Repos\ezMP\EZMP\MPInterfacer.cpp(224,37): warning C4244: 'argument': conversion from 'uint64_t' to 'const _Kty', possible loss of data
          with
          [
              _Kty=long
          ]
C:\Users\NIK\Source\Repos\ezMP\EZMP\MPInterfacer.cpp(263,28): warning C4018: '<': signed/unsigned mismatch
  Packet.cpp
C:\Users\NIK\Source\Repos\ezMP\EZMP\Packet.cpp(93,26): warning C4267: 'initializing': conversion from 'size_t' to 'uint16_t', possible loss of data
C:\Users\NIK\Source\Repos\ezMP\EZMP\Packet.cpp(94,23): warning C4267: '+=': conversion from 'size_t' to 'uint32_t', possible loss of data
C:\Users\NIK\Source\Repos\ezMP\EZMP\Packet.cpp(128,27): warning C4267: 'return': conversion from 'size_t' to 'uint32_t', possible loss of data
  Generating Code...
  EZMP.vcxproj -> C:\Users\NIK\Source\Repos\ezMP\EZMP\x64\Debug\EZMP.lib
